<!DOCTYPE html>

<html>
  <head>
  <meta charset='utf-8'>
  <title>TestNG reports</title>

    <link type="text/css" href="testng-reports.css" rel="stylesheet" />  
    <script type="text/javascript" src="jquery-1.7.1.min.js"></script>
    <script type="text/javascript" src="testng-reports.js"></script>
    <script type="text/javascript" src="https://www.google.com/jsapi"></script>
    <script type='text/javascript'>
      google.load('visualization', '1', {packages:['table']});
      google.setOnLoadCallback(drawTable);
      var suiteTableInitFunctions = new Array();
      var suiteTableData = new Array();
    </script>
    <!--
      <script type="text/javascript" src="jquery-ui/js/jquery-ui-1.8.16.custom.min.js"></script>
     -->
  </head>

  <body>
    <div class="top-banner-root">
      <span class="top-banner-title-font">Test results</span>
      <br/>
      <span class="top-banner-font-1">1 suite, 1 failed test</span>
    </div> <!-- top-banner-root -->
    <div class="navigator-root">
      <div class="navigator-suite-header">
        <span>All suites</span>
        <a href="#" title="Collapse/expand all the suites" class="collapse-all-link">
          <img src="collapseall.gif" class="collapse-all-icon">
          </img> <!-- collapse-all-icon -->
        </a> <!-- collapse-all-link -->
      </div> <!-- navigator-suite-header -->
      <div class="suite">
        <div class="rounded-window">
          <div class="suite-header light-rounded-window-top">
            <a href="#" panel-name="suite-FREE_CRM_Application_Test_Automation_Test_Suite" class="navigator-link">
              <span class="suite-name border-failed">FREE CRM Application Test Automation Test Suite</span>
            </a> <!-- navigator-link -->
          </div> <!-- suite-header light-rounded-window-top -->
          <div class="navigator-suite-content">
            <div class="suite-section-title">
              <span>Info</span>
            </div> <!-- suite-section-title -->
            <div class="suite-section-content">
              <ul>
                <li>
                  <a href="#" panel-name="test-xml-FREE_CRM_Application_Test_Automation_Test_Suite" class="navigator-link ">
                    <span>C:\POM and Data Driver Frame Work\Copy  1\HyBridFramework-master\src\main\java\com\crm\qa\util\testng.xml</span>
                  </a> <!-- navigator-link  -->
                </li>
                <li>
                  <a href="#" panel-name="testlist-FREE_CRM_Application_Test_Automation_Test_Suite" class="navigator-link ">
                    <span class="test-stats">1 test</span>
                  </a> <!-- navigator-link  -->
                </li>
                <li>
                  <a href="#" panel-name="group-FREE_CRM_Application_Test_Automation_Test_Suite" class="navigator-link ">
                    <span>0 groups</span>
                  </a> <!-- navigator-link  -->
                </li>
                <li>
                  <a href="#" panel-name="times-FREE_CRM_Application_Test_Automation_Test_Suite" class="navigator-link ">
                    <span>Times</span>
                  </a> <!-- navigator-link  -->
                </li>
                <li>
                  <a href="#" panel-name="reporter-FREE_CRM_Application_Test_Automation_Test_Suite" class="navigator-link ">
                    <span>Reporter output</span>
                  </a> <!-- navigator-link  -->
                </li>
                <li>
                  <a href="#" panel-name="ignored-methods-FREE_CRM_Application_Test_Automation_Test_Suite" class="navigator-link ">
                    <span>Ignored methods</span>
                  </a> <!-- navigator-link  -->
                </li>
                <li>
                  <a href="#" panel-name="chronological-FREE_CRM_Application_Test_Automation_Test_Suite" class="navigator-link ">
                    <span>Chronological view</span>
                  </a> <!-- navigator-link  -->
                </li>
              </ul>
            </div> <!-- suite-section-content -->
            <div class="result-section">
              <div class="suite-section-title">
                <span>Results</span>
              </div> <!-- suite-section-title -->
              <div class="suite-section-content">
                <ul>
                  <li>
                    <span class="method-stats">2 methods, 1 failed,   1 passed</span>
                  </li>
                  <li>
                    <span class="method-list-title failed">Failed methods</span>
                    <span class="show-or-hide-methods failed">
                      <a href="#" panel-name="suite-FREE_CRM_Application_Test_Automation_Test_Suite" class="hide-methods failed suite-FREE_CRM_Application_Test_Automation_Test_Suite"> (hide)</a> <!-- hide-methods failed suite-FREE_CRM_Application_Test_Automation_Test_Suite -->
                      <a href="#" panel-name="suite-FREE_CRM_Application_Test_Automation_Test_Suite" class="show-methods failed suite-FREE_CRM_Application_Test_Automation_Test_Suite"> (show)</a> <!-- show-methods failed suite-FREE_CRM_Application_Test_Automation_Test_Suite -->
                    </span>
                    <div class="method-list-content failed suite-FREE_CRM_Application_Test_Automation_Test_Suite">
                      <span>
                        <img src="failed.png" width="3%"/>
                        <a href="#" panel-name="suite-FREE_CRM_Application_Test_Automation_Test_Suite" title="com.crm.qa.testcases.OrderOnlinePageTest" class="method navigator-link" hash-for-method="verifyDeliveryAvailSlotsTest(Sathya, Shivas, 3104354410, sathyashivas@gmail.com, Take Spl Attention, Ram Manohar, 400005665566555...)">verifyDeliveryAvailSlotsTest(Sathya, Shivas, 3104354410, sathyashivas@gmail.com, Take Spl Attention, Ram Manohar, 400005665566555...)</a> <!-- method navigator-link -->
                      </span>
                      <br/>
                    </div> <!-- method-list-content failed suite-FREE_CRM_Application_Test_Automation_Test_Suite -->
                  </li>
                  <li>
                    <span class="method-list-title passed">Passed methods</span>
                    <span class="show-or-hide-methods passed">
                      <a href="#" panel-name="suite-FREE_CRM_Application_Test_Automation_Test_Suite" class="hide-methods passed suite-FREE_CRM_Application_Test_Automation_Test_Suite"> (hide)</a> <!-- hide-methods passed suite-FREE_CRM_Application_Test_Automation_Test_Suite -->
                      <a href="#" panel-name="suite-FREE_CRM_Application_Test_Automation_Test_Suite" class="show-methods passed suite-FREE_CRM_Application_Test_Automation_Test_Suite"> (show)</a> <!-- show-methods passed suite-FREE_CRM_Application_Test_Automation_Test_Suite -->
                    </span>
                    <div class="method-list-content passed suite-FREE_CRM_Application_Test_Automation_Test_Suite">
                      <span>
                        <img src="passed.png" width="3%"/>
                        <a href="#" panel-name="suite-FREE_CRM_Application_Test_Automation_Test_Suite" title="com.crm.qa.testcases.BaseTest" class="method navigator-link" hash-for-method="setUp">setUp</a> <!-- method navigator-link -->
                      </span>
                      <br/>
                    </div> <!-- method-list-content passed suite-FREE_CRM_Application_Test_Automation_Test_Suite -->
                  </li>
                </ul>
              </div> <!-- suite-section-content -->
            </div> <!-- result-section -->
          </div> <!-- navigator-suite-content -->
        </div> <!-- rounded-window -->
      </div> <!-- suite -->
    </div> <!-- navigator-root -->
    <div class="wrapper">
      <div class="main-panel-root">
        <div panel-name="suite-FREE_CRM_Application_Test_Automation_Test_Suite" class="panel FREE_CRM_Application_Test_Automation_Test_Suite">
          <div class="suite-FREE_CRM_Application_Test_Automation_Test_Suite-class-failed">
            <div class="main-panel-header rounded-window-top">
              <img src="failed.png"/>
              <span class="class-name">com.crm.qa.testcases.OrderOnlinePageTest</span>
            </div> <!-- main-panel-header rounded-window-top -->
            <div class="main-panel-content rounded-window-bottom">
              <div class="method">
                <div class="method-content">
                  <a name="verifyDeliveryAvailSlotsTest(Sathya, Shivas, 3104354410, sathyashivas@gmail.com, Take Spl Attention, Ram Manohar, 400005665566555...)">
                  </a> <!-- verifyDeliveryAvailSlotsTest(Sathya, Shivas, 3104354410, sathyashivas@gmail.com, Take Spl Attention, Ram Manohar, 400005665566555...) -->
                  <span class="method-name">verifyDeliveryAvailSlotsTest</span>
                  <span class="parameters">(Sathya, Shivas, 3104354410, sathyashivas@gmail.com, Take Spl Attention, Ram Manohar, 4000056655665556, 5.0, 2019.0, 666.0, 20147.0)</span>
                  <div class="stack-trace">org.openqa.selenium.WebDriverException: unknown error: Element &lt;select class=&quot;t-order-time&quot;&gt;...&lt;/select&gt; is not clickable at point (1155, 144). Other element would receive the click: &lt;div class=&quot;a_modal&quot;&gt;...&lt;/div&gt;
  (Session info: chrome=68.0.3440.75)
  (Driver info: chromedriver=2.38.552522 (437e6fbedfa8762dec75e2c5b3ddb86763dc9dcb),platform=Windows NT 10.0.17134 x86_64) (WARNING: The server did not provide any stacktrace information)
Command duration or timeout: 48 milliseconds
Build info: version: &apos;3.4.0&apos;, revision: &apos;unknown&apos;, time: &apos;unknown&apos;
System info: host: &apos;DESKTOP-PINFQ0C&apos;, ip: &apos;192.168.29.197&apos;, os.name: &apos;Windows 10&apos;, os.arch: &apos;amd64&apos;, os.version: &apos;10.0&apos;, java.version: &apos;10.0.1&apos;
Driver info: org.openqa.selenium.chrome.ChromeDriver
Capabilities [{applicationCacheEnabled=false, rotatable=false, mobileEmulationEnabled=false, networkConnectionEnabled=false, chrome={chromedriverVersion=2.38.552522 (437e6fbedfa8762dec75e2c5b3ddb86763dc9dcb), userDataDir=C:\Users\Admin\AppData\Local\Temp\scoped_dir8860_5656}, takesHeapSnapshot=true, pageLoadStrategy=normal, databaseEnabled=false, handlesAlerts=true, hasTouchScreen=false, version=68.0.3440.75, platform=XP, browserConnectionEnabled=false, nativeEvents=true, acceptSslCerts=false, acceptInsecureCerts=false, locationContextEnabled=true, webStorageEnabled=true, browserName=chrome, takesScreenshot=true, javascriptEnabled=true, cssSelectorsEnabled=true, setWindowRect=true, unexpectedAlertBehaviour=}]
Session ID: f751a9a8671205b8c7239d6a2fbec0c0
	at org.openqa.selenium.remote.ErrorHandler.createThrowable(ErrorHandler.java:215)
	at org.openqa.selenium.remote.ErrorHandler.throwIfResponseFailed(ErrorHandler.java:167)
	at org.openqa.selenium.remote.RemoteWebDriver.execute(RemoteWebDriver.java:671)
	at org.openqa.selenium.remote.RemoteWebElement.execute(RemoteWebElement.java:272)
	at org.openqa.selenium.remote.RemoteWebElement.click(RemoteWebElement.java:82)
	at org.openqa.selenium.support.events.EventFiringWebDriver$EventFiringWebElement$1.invoke(EventFiringWebDriver.java:332)
	at com.sun.proxy.$Proxy14.click(Unknown Source)
	at org.openqa.selenium.support.events.EventFiringWebDriver$EventFiringWebElement.click(EventFiringWebDriver.java:345)
	at org.openqa.selenium.support.pagefactory.internal.LocatingElementHandler.invoke(LocatingElementHandler.java:51)
	at com.sun.proxy.$Proxy13.click(Unknown Source)
	at com.crm.qa.pages.OredrOnlinePage.verifyDeliveryAvailSlots(OredrOnlinePage.java:1643)
	at com.crm.qa.testcases.OrderOnlinePageTest.verifyDeliveryAvailSlotsTest(OrderOnlinePageTest.java:61)
... Removed 35 stack frames
</div> <!-- stack-trace -->
                </div> <!-- method-content -->
              </div> <!-- method -->
            </div> <!-- main-panel-content rounded-window-bottom -->
          </div> <!-- suite-FREE_CRM_Application_Test_Automation_Test_Suite-class-failed -->
          <div class="suite-FREE_CRM_Application_Test_Automation_Test_Suite-class-passed">
            <div class="main-panel-header rounded-window-top">
              <img src="passed.png"/>
              <span class="class-name">com.crm.qa.testcases.BaseTest</span>
            </div> <!-- main-panel-header rounded-window-top -->
            <div class="main-panel-content rounded-window-bottom">
              <div class="method">
                <div class="method-content">
                  <a name="setUp">
                  </a> <!-- setUp -->
                  <span class="method-name">setUp</span>
                </div> <!-- method-content -->
              </div> <!-- method -->
            </div> <!-- main-panel-content rounded-window-bottom -->
          </div> <!-- suite-FREE_CRM_Application_Test_Automation_Test_Suite-class-passed -->
        </div> <!-- panel FREE_CRM_Application_Test_Automation_Test_Suite -->
        <div panel-name="test-xml-FREE_CRM_Application_Test_Automation_Test_Suite" class="panel">
          <div class="main-panel-header rounded-window-top">
            <span class="header-content">C:\POM and Data Driver Frame Work\Copy  1\HyBridFramework-master\src\main\java\com\crm\qa\util\testng.xml</span>
          </div> <!-- main-panel-header rounded-window-top -->
          <div class="main-panel-content rounded-window-bottom">
            <pre>
&lt;?xml version=&quot;1.0&quot; encoding=&quot;UTF-8&quot;?&gt;
&lt;!DOCTYPE suite SYSTEM &quot;http://testng.org/testng-1.0.dtd&quot;&gt;
&lt;suite name=&quot;FREE CRM Application Test Automation Test Suite&quot; guice-stage=&quot;DEVELOPMENT&quot;&gt;
  &lt;test name=&quot;Free CRM App Test Cases&quot;&gt;
    &lt;classes&gt;
      &lt;class name=&quot;com.crm.qa.testcases.BaseTest&quot;/&gt;
      &lt;class name=&quot;com.crm.qa.testcases.OrderOnlinePageTest&quot;/&gt;
    &lt;/classes&gt;
  &lt;/test&gt; &lt;!-- Free CRM App Test Cases --&gt;
&lt;/suite&gt; &lt;!-- FREE CRM Application Test Automation Test Suite --&gt;
            </pre>
          </div> <!-- main-panel-content rounded-window-bottom -->
        </div> <!-- panel -->
        <div panel-name="testlist-FREE_CRM_Application_Test_Automation_Test_Suite" class="panel">
          <div class="main-panel-header rounded-window-top">
            <span class="header-content">Tests for FREE CRM Application Test Automation Test Suite</span>
          </div> <!-- main-panel-header rounded-window-top -->
          <div class="main-panel-content rounded-window-bottom">
            <ul>
              <li>
                <span class="test-name">Free CRM App Test Cases (2 classes)</span>
              </li>
            </ul>
          </div> <!-- main-panel-content rounded-window-bottom -->
        </div> <!-- panel -->
        <div panel-name="group-FREE_CRM_Application_Test_Automation_Test_Suite" class="panel">
          <div class="main-panel-header rounded-window-top">
            <span class="header-content">Groups for FREE CRM Application Test Automation Test Suite</span>
          </div> <!-- main-panel-header rounded-window-top -->
          <div class="main-panel-content rounded-window-bottom">
          </div> <!-- main-panel-content rounded-window-bottom -->
        </div> <!-- panel -->
        <div panel-name="times-FREE_CRM_Application_Test_Automation_Test_Suite" class="panel">
          <div class="main-panel-header rounded-window-top">
            <span class="header-content">Times for FREE CRM Application Test Automation Test Suite</span>
          </div> <!-- main-panel-header rounded-window-top -->
          <div class="main-panel-content rounded-window-bottom">
            <div class="times-div">
              <script type="text/javascript">
suiteTableInitFunctions.push('tableData_FREE_CRM_Application_Test_Automation_Test_Suite');
function tableData_FREE_CRM_Application_Test_Automation_Test_Suite() {
var data = new google.visualization.DataTable();
data.addColumn('number', 'Number');
data.addColumn('string', 'Method');
data.addColumn('string', 'Class');
data.addColumn('number', 'Time (ms)');
data.addRows(2);
data.setCell(0, 0, 0)
data.setCell(0, 1, 'verifyDeliveryAvailSlotsTest')
data.setCell(0, 2, 'com.crm.qa.testcases.OrderOnlinePageTest')
data.setCell(0, 3, 326951);
data.setCell(1, 0, 1)
data.setCell(1, 1, 'setUp')
data.setCell(1, 2, 'com.crm.qa.testcases.BaseTest')
data.setCell(1, 3, 8383);
window.suiteTableData['FREE_CRM_Application_Test_Automation_Test_Suite']= { tableData: data, tableDiv: 'times-div-FREE_CRM_Application_Test_Automation_Test_Suite'}
return data;
}
              </script>
              <span class="suite-total-time">Total running time: 5 minutes</span>
              <div id="times-div-FREE_CRM_Application_Test_Automation_Test_Suite">
              </div> <!-- times-div-FREE_CRM_Application_Test_Automation_Test_Suite -->
            </div> <!-- times-div -->
          </div> <!-- main-panel-content rounded-window-bottom -->
        </div> <!-- panel -->
        <div panel-name="reporter-FREE_CRM_Application_Test_Automation_Test_Suite" class="panel">
          <div class="main-panel-header rounded-window-top">
            <span class="header-content">Reporter output for FREE CRM Application Test Automation Test Suite</span>
          </div> <!-- main-panel-header rounded-window-top -->
          <div class="main-panel-content rounded-window-bottom">
          </div> <!-- main-panel-content rounded-window-bottom -->
        </div> <!-- panel -->
        <div panel-name="ignored-methods-FREE_CRM_Application_Test_Automation_Test_Suite" class="panel">
          <div class="main-panel-header rounded-window-top">
            <span class="header-content">0 ignored methods</span>
          </div> <!-- main-panel-header rounded-window-top -->
          <div class="main-panel-content rounded-window-bottom">
          </div> <!-- main-panel-content rounded-window-bottom -->
        </div> <!-- panel -->
        <div panel-name="chronological-FREE_CRM_Application_Test_Automation_Test_Suite" class="panel">
          <div class="main-panel-header rounded-window-top">
            <span class="header-content">Methods in chronological order</span>
          </div> <!-- main-panel-header rounded-window-top -->
          <div class="main-panel-content rounded-window-bottom">
            <div class="chronological-class">
              <div class="chronological-class-name">com.crm.qa.testcases.BaseTest</div> <!-- chronological-class-name -->
              <div class="test-method">
                <span class="method-name">setUp</span>
                <span class="method-start">0 ms</span>
              </div> <!-- test-method -->
            </div> <!-- chronological-class -->
            <div class="chronological-class">
              <div class="chronological-class-name">com.crm.qa.testcases.OrderOnlinePageTest</div> <!-- chronological-class-name -->
              <div class="configuration-method before">
                <span class="method-name">setUp</span>
                <span class="method-start">8854 ms</span>
              </div> <!-- configuration-method before -->
              <div class="test-method">
                <img src="failed.png">
                </img>
                <span class="method-name">verifyDeliveryAvailSlotsTest(Sathya, Shivas, 3104354410, sathyashivas@gmail.com, Take Spl Attention, Ram Manohar, 400005665566555...)</span>
                <span class="method-start">20887 ms</span>
              </div> <!-- test-method -->
              <div class="configuration-method after">
                <span class="method-name">tearDown([TestResult name=verifyDeliveryAvailSlotsTest status=FAILURE method=OrderOnlinePageTest.verifyDelive...)</span>
                <span class="method-start">348019 ms</span>
              </div> <!-- configuration-method after -->
          </div> <!-- main-panel-content rounded-window-bottom -->
        </div> <!-- panel -->
      </div> <!-- main-panel-root -->
    </div> <!-- wrapper -->
  </body>
</html>
